<?xml version="1.0" encoding="UTF-8"?>
<!-- Generated by org.testng.reporters.JUnitReportReporter -->
<testsuite skipped="0" hostname="Sayannas-MBP" name="SfdcTestCases" tests="2" failures="0" timestamp="2020-02-25T23:47:41 PST" time="28.636" errors="0">
  <testcase name="TC3_CheckRememberMe" time="20.123" classname="SfdcTestCases"/>
  <testcase name="Forgotpasword_A" time="8.513" classname="SfdcTestCases"/>
</testsuite> <!-- SfdcTestCases -->
