<?xml version="1.0" encoding="UTF-8"?>
<!-- Generated by org.testng.reporters.JUnitReportReporter -->
<testsuite skipped="0" hostname="Sayannas-MBP" name="LoginSFDC" tests="2" failures="0" timestamp="2020-02-25T21:52:16 PST" time="16.547" errors="0">
  <testcase name="TC2_LoginToSalesForce" time="12.665" classname="LoginSFDC"/>
  <testcase name="TC1_LoginErrorMessage" time="3.882" classname="LoginSFDC"/>
</testsuite> <!-- LoginSFDC -->
