<?xml version="1.0" encoding="UTF-8"?>
<!-- Generated by org.testng.reporters.JUnitReportReporter -->
<testsuite skipped="0" hostname="Sayannas-MBP" name="LoginSFDC" tests="2" failures="0" timestamp="2020-03-04T23:24:44 PST" time="7.746" errors="0">
  <testcase name="TC2_LoginToSalesForce" time="3.803" classname="LoginSFDC"/>
  <testcase name="TC1_LoginErrorMessage" time="3.943" classname="LoginSFDC"/>
</testsuite> <!-- LoginSFDC -->
