<?xml version="1.0" encoding="UTF-8"?>
<!-- Generated by org.testng.reporters.JUnitReportReporter -->
<testsuite skipped="0" hostname="Sayannas-MBP" name="LoginSFDC" tests="2" failures="0" timestamp="2020-02-25T23:11:38 PST" time="14.428" errors="0">
  <testcase name="TC2_LoginToSalesForce" time="10.014" classname="LoginSFDC"/>
  <testcase name="TC1_LoginErrorMessage" time="4.414" classname="LoginSFDC"/>
</testsuite> <!-- LoginSFDC -->
