<?xml version="1.0" encoding="UTF-8"?>
<!-- Generated by org.testng.reporters.JUnitReportReporter -->
<testsuite skipped="0" hostname="Sayannas-MBP" name="RestApiMethods" tests="1" failures="0" timestamp="2020-03-04T00:29:51 PST" time="11.263" errors="0">
  <testcase name="upDateUser" time="11.263" classname="RestApiMethods"/>
</testsuite> <!-- RestApiMethods -->
