<?xml version="1.0" encoding="UTF-8"?>
<!-- Generated by org.testng.reporters.JUnitReportReporter -->
<testsuite skipped="0" hostname="Sayannas-MBP" name="RestApiMethods" tests="1" failures="0" timestamp="2020-03-10T21:41:06 PDT" time="1.900" errors="0">
  <testcase name="getData" time="1.900" classname="RestApiMethods"/>
</testsuite> <!-- RestApiMethods -->
