<?xml version="1.0" encoding="UTF-8"?>
<!-- Generated by org.testng.reporters.JUnitReportReporter -->
<testsuite skipped="0" hostname="Sayannas-MBP" name="TekArchTestCases" tests="2" failures="0" timestamp="2020-03-10T22:27:31 PDT" time="2.153" errors="0">
  <testcase name="loginToPortal" time="1.649" classname="TekArchTestCases"/>
  <testcase name="loginToPortal" time="0.504" classname="TekArchTestCases"/>
</testsuite> <!-- TekArchTestCases -->
