<?xml version="1.0" encoding="UTF-8"?>
<!-- Generated by org.testng.reporters.JUnitReportReporter -->
<testsuite skipped="0" hostname="Sayannas-MBP" name="Pages.UserMenuTestCases" tests="1" failures="0" timestamp="2020-04-19T18:32:00 PDT" time="15.677" errors="0">
  <testcase name="TC06" time="15.677" classname="Pages.UserMenuTestCases"/>
</testsuite> <!-- Pages.UserMenuTestCases -->
