<?xml version="1.0" encoding="UTF-8"?>
<!-- Generated by org.testng.reporters.JUnitReportReporter -->
<testsuite skipped="0" hostname="Sayannas-MBP" name="Pages.ForgotPasswordPaeTestCase" tests="1" failures="0" timestamp="2020-04-14T23:39:01 PDT" time="1.319" errors="0">
  <testcase name="ForgotPassword" time="1.319" classname="Pages.ForgotPasswordPaeTestCase"/>
</testsuite> <!-- Pages.ForgotPasswordPaeTestCase -->
