<?xml version="1.0" encoding="UTF-8"?>
<!-- Generated by org.testng.reporters.JUnitReportReporter -->
<testsuite skipped="0" hostname="Sayannas-MBP" name="TestNg_Test" tests="1" failures="0" timestamp="2020-02-25T17:02:09 PST" time="6.163" errors="0">
  <testcase name="TC2_LoginToSalesForce" time="6.163" classname="TestNg_Test"/>
</testsuite> <!-- TestNg_Test -->
