<?xml version="1.0" encoding="UTF-8"?>
<!-- Generated by org.testng.reporters.JUnitReportReporter -->
<testsuite skipped="0" hostname="Sayannas-MBP" name="SfDC37_TestCases" tests="1" failures="0" timestamp="2020-02-22T18:06:32 PST" time="4.793" errors="0">
  <testcase name="TC1_LoginErrorMessage" time="4.793" classname="SfDC37_TestCases"/>
</testsuite> <!-- SfDC37_TestCases -->
