<?xml version="1.0" encoding="UTF-8"?>
<!-- Generated by org.testng.reporters.JUnitReportReporter -->
<testsuite skipped="0" hostname="Sayannas-MBP" name="SfDC37_TestCases" tests="1" failures="0" timestamp="2020-02-24T21:37:35 PST" time="19.614" errors="0">
  <testcase name="TC_20LeadTab" time="19.614" classname="SfDC37_TestCases"/>
</testsuite> <!-- SfDC37_TestCases -->
