<?xml version="1.0" encoding="UTF-8"?>
<!-- Generated by org.testng.reporters.JUnitReportReporter -->
<testsuite skipped="0" hostname="Sayannas-MBP" name="SfDC37_TestCases" tests="1" failures="0" timestamp="2020-02-25T00:16:38 PST" time="34.908" errors="0">
  <testcase name="TC_24" time="34.908" classname="SfDC37_TestCases"/>
</testsuite> <!-- SfDC37_TestCases -->
