<?xml version="1.0" encoding="UTF-8"?>
<!-- Generated by org.testng.reporters.JUnitReportReporter -->
<testsuite skipped="0" hostname="Sayannas-MBP" name="SfDC37_TestCases" tests="1" failures="0" timestamp="2020-02-24T23:48:01 PST" time="77.549" errors="0">
  <testcase name="TC_22DefaultView" time="77.549" classname="SfDC37_TestCases"/>
</testsuite> <!-- SfDC37_TestCases -->
