<?xml version="1.0" encoding="UTF-8"?>
<!-- Generated by org.testng.reporters.JUnitReportReporter -->
<testsuite skipped="0" hostname="Sayannas-MBP" name="SfDC37_TestCases" tests="1" failures="0" timestamp="2020-02-24T22:10:06 PST" time="18.950" errors="0">
  <testcase name="TC_21LeadsSelectView" time="18.950" classname="SfDC37_TestCases"/>
</testsuite> <!-- SfDC37_TestCases -->
