<?xml version="1.0" encoding="UTF-8"?>
<!-- Generated by org.testng.reporters.JUnitReportReporter -->
<testsuite skipped="0" hostname="Sayannas-MBP" name="SfDC37_TestCases" tests="1" failures="0" timestamp="2020-04-15T09:25:10 PDT" time="49.819" errors="0">
  <testcase name="TC_06" time="49.819" classname="SfDC37_TestCases"/>
</testsuite> <!-- SfDC37_TestCases -->
