<?xml version="1.0" encoding="UTF-8"?>
<!-- Generated by org.testng.reporters.JUnitReportReporter -->
<testsuite skipped="0" hostname="Sayannas-MBP" name="SfDC37_TestCases" tests="1" failures="0" timestamp="2020-02-25T00:06:31 PST" time="21.334" errors="0">
  <testcase name="TC_23" time="21.334" classname="SfDC37_TestCases"/>
</testsuite> <!-- SfDC37_TestCases -->
