<?xml version="1.0" encoding="UTF-8"?>
<!-- Generated by org.testng.reporters.JUnitReportReporter -->
<testsuite skipped="0" hostname="Sayannas-MBP" name="SDFC_testcases" tests="1" failures="0" timestamp="2020-02-21T20:06:16 PST" time="0.019" errors="0">
  <testcase name="demo" time="0.019" classname="SDFC_testcases"/>
</testsuite> <!-- SDFC_testcases -->
