<?xml version="1.0" encoding="UTF-8"?>
<!-- Generated by org.testng.reporters.JUnitReportReporter -->
<testsuite skipped="0" hostname="Sayannas-MBP" name="example" tests="1" failures="0" timestamp="2020-02-21T13:55:50 PST" time="0.015" errors="0">
  <testcase name="demo" time="0.015" classname="example"/>
  <system-out/>
</testsuite> <!-- example -->
