<?xml version="1.0" encoding="UTF-8"?>
<!-- Generated by org.testng.reporters.JUnitReportReporter -->
<testsuite skipped="0" hostname="Sayannas-MBP" name="LoginToSEDC" tests="2" failures="0" timestamp="2020-02-25T18:13:02 PST" time="10.986" errors="0">
  <testcase name="TC2_LoginToSalesForce" time="6.286" classname="LoginToSEDC"/>
  <testcase name="TC1_LoginErrorMessage" time="4.700" classname="LoginToSEDC"/>
</testsuite> <!-- LoginToSEDC -->
