<?xml version="1.0" encoding="UTF-8"?>
<!-- Generated by org.testng.reporters.JUnitReportReporter -->
<testsuite skipped="0" hostname="Sayannas-MBP" name="TestCases" tests="1" failures="0" timestamp="2020-02-27T23:46:09 PST" time="18.203" errors="0">
  <testcase name="EditUser" time="18.203" classname="TestCases"/>
</testsuite> <!-- TestCases -->
